#
# A fatal error has been detected by the Java Runtime Environment:
#
#  SIGSEGV (0xb) at pc=0x0000000107a34dd4, pid=1058, tid=0x0000000000004907
#
# JRE version: Java(TM) SE Runtime Environment (8.0_171-b11) (build 1.8.0_171-b11)
# Java VM: Java HotSpot(TM) 64-Bit Server VM (25.171-b11 mixed mode bsd-amd64 compressed oops)
# Problematic frame:
# V  [libjvm.dylib+0x24cdd4]  frame::sender(RegisterMap*) const+0x78
#
# Failed to write core dump. Core dumps have been disabled. To enable core dumping, try "ulimit -c unlimited" before starting Java again
#
# If you would like to submit a bug report, please visit:
#   http://bugreport.java.com/bugreport/crash.jsp
#

---------------  T H R E A D  ---------------

Current thread (0x00007fef6c808800):  JavaThread "JDWP Transport Listener: dt_socket" daemon [_thread_in_vm, id=18695, stack(0x000070000305f000,0x000070000315f000)]

siginfo: si_signo: 11 (SIGSEGV), si_code: 1 (SEGV_MAPERR), si_addr: 0x000001b8e5894855

Registers:
RAX=0x000001b8e5894855, RBX=0x000070000315dcf0, RCX=0xe589485590c35d00, RDX=0x0000000115d24620
RSP=0x000070000315dc60, RBP=0x000070000315dc80, RSI=0x00007fef6d3436d8, RDI=0x00007fef6d3436d8
R8 =0x00007fef6d343768, R9 =0x000070000315dd80, R10=0x0000700002695000, R11=0xfffff01095e1a618
R12=0x000070000315dcf0, R13=0x00007fef6c808800, R14=0x000070000315dd20, R15=0x00007fef6d3436d8
RIP=0x0000000107a34dd4, EFLAGS=0x0000000000010246, ERR=0x0000000000000004
  TRAPNO=0x000000000000000e

Top of Stack: (sp=0x000070000315dc60)
0x000070000315dc60:   000070000315dd20 00007fef6ad08480
0x000070000315dc70:   000070000315dcf0 000070000315e310
0x000070000315dc80:   000070000315dce0 0000000107a337d8
0x000070000315dc90:   0000700002695010 000000010788d4da
0x000070000315dca0:   0000000000000000 0000700000000000
0x000070000315dcb0:   0000700002695060 00007fef6d3430d0
0x000070000315dcc0:   00007fef6ad08480 00007fef6d3436d0
0x000070000315dcd0:   000000000000124a 000070000315e310
0x000070000315dce0:   000070000315e2e0 0000000107d95082
0x000070000315dcf0:   0000000107c3afb0 e589485590c35d00
0x000070000315dd00:   0000000000000000 0000000000000000
0x000070000315dd10:   000001b8e5894855 0000000107c3afb0
0x000070000315dd20:   0000000000000000 0000000000000000
0x000070000315dd30:   0000000000000000 0000000000000000
0x000070000315dd40:   0000000000000000 0000000000000000
0x000070000315dd50:   0000000000000000 0000000000000000
0x000070000315dd60:   0000000000000000 0000000000000000
0x000070000315dd70:   0000700002695000 0000700002695000
0x000070000315dd80:   0000000000000000 0000000000000000
0x000070000315dd90:   0000000000000000 0000000000000000
0x000070000315dda0:   0000000000000000 0000000000000000
0x000070000315ddb0:   0000000000000000 0000000000000000
0x000070000315ddc0:   0000000000000000 0000000000000000
0x000070000315ddd0:   0000000000000000 0000000000000000
0x000070000315dde0:   0000000000000000 0000000000000000
0x000070000315ddf0:   0000000000000000 0000000000000000
0x000070000315de00:   0000000000000000 0000000000000000
0x000070000315de10:   0000000000000000 0000000000000000
0x000070000315de20:   0000000000000000 0000000000000000
0x000070000315de30:   0000000000000000 0000000000000000
0x000070000315de40:   0000000000000000 0000000000000000
0x000070000315de50:   0000000000000000 0000000000000000 

Instructions: (pc=0x0000000107a34dd4)
0x0000000107a34db4:   fd ff ff eb 77 49 83 7f 10 00 74 10 4c 89 e7 4c
0x0000000107a34dc4:   89 fe 4c 89 f2 e8 06 fe ff ff eb 60 49 8b 47 20
0x0000000107a34dd4:   48 8b 08 48 8b 78 08 48 83 c0 10 49 89 04 24 49
0x0000000107a34de4:   89 44 24 28 49 89 4c 24 20 49 89 7c 24 08 e8 fb 

Register to memory mapping:

RAX=0x000001b8e5894855 is an unknown value
RBX=0x000070000315dcf0 is pointing into the stack for thread: 0x00007fef6c808800
RCX=0xe589485590c35d00 is an unknown value
RDX=0x0000000115d24620 is an unknown value
RSP=0x000070000315dc60 is pointing into the stack for thread: 0x00007fef6c808800
RBP=0x000070000315dc80 is pointing into the stack for thread: 0x00007fef6c808800
RSI=0x00007fef6d3436d8 is an unknown value
RDI=0x00007fef6d3436d8 is an unknown value
R8 =0x00007fef6d343768 is an unknown value
R9 =0x000070000315dd80 is pointing into the stack for thread: 0x00007fef6c808800
R10=0x0000700002695000 is pointing into the stack for thread: 0x00007fef6b008000
R11=0xfffff01095e1a618 is an unknown value
R12=0x000070000315dcf0 is pointing into the stack for thread: 0x00007fef6c808800
R13=0x00007fef6c808800 is a thread
R14=0x000070000315dd20 is pointing into the stack for thread: 0x00007fef6c808800
R15=0x00007fef6d3436d8 is an unknown value


Stack: [0x000070000305f000,0x000070000315f000],  sp=0x000070000315dc60,  free space=1019k
Native frames: (J=compiled Java code, j=interpreted, Vv=VM code, C=native code)
V  [libjvm.dylib+0x24cdd4]  frame::sender(RegisterMap*) const+0x78
V  [libjvm.dylib+0x24b7d8]  frame::real_sender(RegisterMap*) const+0x1e
V  [libjvm.dylib+0x5ad082]  vframe::sender() const+0x58
V  [libjvm.dylib+0x5acb29]  vframe::java_sender() const+0x2d
V  [libjvm.dylib+0x38d952]  JvmtiEnvBase::vframeFor(JavaThread*, int)+0x5c
V  [libjvm.dylib+0x38dccb]  JvmtiEnvBase::get_frame_location(JavaThread*, int, _jmethodID**, long*)+0x6f
V  [libjvm.dylib+0x38967a]  JvmtiEnv::GetFrameLocation(JavaThread*, int, _jmethodID**, long*)+0x50
V  [libjvm.dylib+0x35f17f]  jvmti_GetFrameLocation+0x156
C  [libjdwp.dylib+0x8666]  frames+0x1f5
C  [libjdwp.dylib+0xe50c]  debugLoop_run+0x1c2
C  [libjdwp.dylib+0x1f5de]  attachThread+0x4d
V  [libjvm.dylib+0x39bf00]  JvmtiAgentThread::call_start_function()+0x38
V  [libjvm.dylib+0x56eb0f]  JavaThread::thread_main_inner()+0x9b
V  [libjvm.dylib+0x57020a]  JavaThread::run()+0x1c2
V  [libjvm.dylib+0x48d4a6]  java_start(Thread*)+0xf6
C  [libsystem_pthread.dylib+0x3305]  _pthread_body+0x7e
C  [libsystem_pthread.dylib+0x626f]  _pthread_start+0x46
C  [libsystem_pthread.dylib+0x2415]  thread_start+0xd
C  0x0000000000000000


---------------  P R O C E S S  ---------------

Java Threads: ( => current thread )
  0x00007fef6c9b3000 JavaThread "SIGTERM handler" daemon [_thread_blocked, id=14343, stack(0x0000700003265000,0x0000700003365000)]
  0x00007fef6b842800 JavaThread "Service Thread" daemon [_thread_blocked, id=16387, stack(0x0000700003671000,0x0000700003771000)]
  0x00007fef6b048000 JavaThread "C1 CompilerThread2" daemon [_thread_blocked, id=16899, stack(0x000070000356e000,0x000070000366e000)]
  0x00007fef6b842000 JavaThread "C2 CompilerThread1" daemon [_thread_blocked, id=17411, stack(0x000070000346b000,0x000070000356b000)]
  0x00007fef6b064800 JavaThread "C2 CompilerThread0" daemon [_thread_blocked, id=17923, stack(0x0000700003368000,0x0000700003468000)]
  0x00007fef6b05a000 JavaThread "JDWP Event Helper Thread" daemon [_thread_blocked, id=13827, stack(0x0000700003162000,0x0000700003262000)]
=>0x00007fef6c808800 JavaThread "JDWP Transport Listener: dt_socket" daemon [_thread_in_vm, id=18695, stack(0x000070000305f000,0x000070000315f000)]
  0x00007fef6b067000 JavaThread "Signal Dispatcher" daemon [_thread_blocked, id=18947, stack(0x0000700002f5c000,0x000070000305c000)]
  0x00007fef6b835800 JavaThread "Finalizer" daemon [_thread_blocked, id=20227, stack(0x0000700002e59000,0x0000700002f59000)]
  0x00007fef6b041000 JavaThread "Reference Handler" daemon [_thread_blocked, id=20483, stack(0x0000700002d56000,0x0000700002e56000)]
  0x00007fef6b008000 JavaThread "main" [_thread_in_Java, id=4611, stack(0x000070000263e000,0x000070000273e000)]

Other Threads:
  0x00007fef6b833000 VMThread [stack: 0x0000700002c53000,0x0000700002d53000] [id=20995]

VM state:not at safepoint (normal execution)

VM Mutex/Monitor currently owned by a thread: None

Heap:
 PSYoungGen      total 121856K, used 22973K [0x0000000795580000, 0x000000079dd00000, 0x00000007c0000000)
  eden space 116736K, 19% used [0x0000000795580000,0x0000000796bef7e0,0x000000079c780000)
  from space 5120K, 0% used [0x000000079d800000,0x000000079d800000,0x000000079dd00000)
  to   space 5120K, 0% used [0x000000079d300000,0x000000079d300000,0x000000079d800000)
 ParOldGen       total 324096K, used 195698K [0x0000000740000000, 0x0000000753c80000, 0x0000000795580000)
  object space 324096K, 60% used [0x0000000740000000,0x000000074bf1c958,0x0000000753c80000)
 Metaspace       used 2716K, capacity 4486K, committed 4864K, reserved 1056768K
  class space    used 289K, capacity 386K, committed 512K, reserved 1048576K

Card table byte_map: [0x000000010944b000,0x000000010984c000] byte_map_base: 0x0000000105a4b000

Marking Bits: (ParMarkBitMap*) 0x00000001080df6e0
 Begin Bits: [0x0000000109af7000, 0x000000010baf7000)
 End Bits:   [0x000000010baf7000, 0x000000010daf7000)

Polling page: 0x00000001087da000

CodeCache: size=245760Kb used=1116Kb max_used=1129Kb free=244643Kb
 bounds [0x0000000115cdf000, 0x0000000115f4f000, 0x0000000124cdf000]
 total_blobs=254 nmethods=31 adapters=145
 compilation: enabled

Compilation events (10 events):
Event: 0.442 Thread 0x00007fef6b048000   28       1       java.lang.Object::<init> (1 bytes)
Event: 0.442 Thread 0x00007fef6b048000 nmethod 28 0x0000000115df1010 code [0x0000000115df1160, 0x0000000115df1270]
Event: 0.442 Thread 0x00007fef6b048000   27       3       java.util.HashMap::hash (20 bytes)
Event: 0.442 Thread 0x00007fef6b048000 nmethod 27 0x0000000115df0b90 code [0x0000000115df0d00, 0x0000000115df0f68]
Event: 0.445 Thread 0x00007fef6b048000   29       3       Recursion.Print_subset_of_an_Array::printSubsets (100 bytes)
Event: 0.446 Thread 0x00007fef6b048000 nmethod 29 0x0000000115df3bd0 code [0x0000000115df3e20, 0x0000000115df4a98]
Event: 0.446 Thread 0x00007fef6b842000   30 %     4       Recursion.Print_subset_of_an_Array::printSubsets @ 65 (100 bytes)
Event: 0.463 Thread 0x00007fef6b842000 nmethod 30% 0x0000000115df8690 code [0x0000000115df8820, 0x0000000115df8fa8]
Event: 0.463 Thread 0x00007fef6b064800   31       4       Recursion.Print_subset_of_an_Array::printSubsets (100 bytes)
Event: 0.477 Thread 0x00007fef6b064800 nmethod 31 0x0000000115df93d0 code [0x0000000115df9560, 0x0000000115df9ba8]

GC Heap History (10 events):
Event: 0.574 GC heap before
{Heap before GC invocations=3 (full 1):
 PSYoungGen      total 71680K, used 5120K [0x0000000795580000, 0x000000079a080000, 0x00000007c0000000)
  eden space 66560K, 0% used [0x0000000795580000,0x0000000795580000,0x0000000799680000)
  from space 5120K, 100% used [0x0000000799b80000,0x000000079a080000,0x000000079a080000)
  to   space 5120K, 0% used [0x0000000799680000,0x0000000799680000,0x0000000799b80000)
 ParOldGen       total 87552K, used 59829K [0x0000000740000000, 0x0000000745580000, 0x0000000795580000)
  object space 87552K, 68% used [0x0000000740000000,0x0000000743a6d7c8,0x0000000745580000)
 Metaspace       used 2708K, capacity 4486K, committed 4864K, reserved 1056768K
  class space    used 288K, capacity 386K, committed 512K, reserved 1048576K
Event: 0.597 GC heap after
Heap after GC invocations=3 (full 1):
 PSYoungGen      total 71680K, used 0K [0x0000000795580000, 0x000000079a080000, 0x00000007c0000000)
  eden space 66560K, 0% used [0x0000000795580000,0x0000000795580000,0x0000000799680000)
  from space 5120K, 0% used [0x0000000799b80000,0x0000000799b80000,0x000000079a080000)
  to   space 5120K, 0% used [0x0000000799680000,0x0000000799680000,0x0000000799b80000)
 ParOldGen       total 135168K, used 64531K [0x0000000740000000, 0x0000000748400000, 0x0000000795580000)
  object space 135168K, 47% used [0x0000000740000000,0x0000000743f04d48,0x0000000748400000)
 Metaspace       used 2708K, capacity 4486K, committed 4864K, reserved 1056768K
  class space    used 288K, capacity 386K, committed 512K, reserved 1048576K
}
Event: 0.625 GC heap before
{Heap before GC invocations=4 (full 1):
 PSYoungGen      total 71680K, used 66531K [0x0000000795580000, 0x000000079a080000, 0x00000007c0000000)
  eden space 66560K, 99% used [0x0000000795580000,0x0000000799678fa8,0x0000000799680000)
  from space 5120K, 0% used [0x0000000799b80000,0x0000000799b80000,0x000000079a080000)
  to   space 5120K, 0% used [0x0000000799680000,0x0000000799680000,0x0000000799b80000)
 ParOldGen       total 135168K, used 64531K [0x0000000740000000, 0x0000000748400000, 0x0000000795580000)
  object space 135168K, 47% used [0x0000000740000000,0x0000000743f04d48,0x0000000748400000)
 Metaspace       used 2708K, capacity 4486K, committed 4864K, reserved 1056768K
  class space    used 288K, capacity 386K, committed 512K, reserved 1048576K
Event: 0.688 GC heap after
Heap after GC invocations=4 (full 1):
 PSYoungGen      total 71680K, used 5120K [0x0000000795580000, 0x000000079dd00000, 0x00000007c0000000)
  eden space 66560K, 0% used [0x0000000795580000,0x0000000795580000,0x0000000799680000)
  from space 5120K, 100% used [0x0000000799680000,0x0000000799b80000,0x0000000799b80000)
  to   space 5120K, 0% used [0x000000079d800000,0x000000079d800000,0x000000079dd00000)
 ParOldGen       total 135168K, used 124227K [0x0000000740000000, 0x0000000748400000, 0x0000000795580000)
  object space 135168K, 91% used [0x0000000740000000,0x0000000747950c00,0x0000000748400000)
 Metaspace       used 2708K, capacity 4486K, committed 4864K, reserved 1056768K
  class space    used 288K, capacity 386K, committed 512K, reserved 1048576K
}
Event: 0.688 GC heap before
{Heap before GC invocations=5 (full 2):
 PSYoungGen      total 71680K, used 5120K [0x0000000795580000, 0x000000079dd00000, 0x00000007c0000000)
  eden space 66560K, 0% used [0x0000000795580000,0x0000000795580000,0x0000000799680000)
  from space 5120K, 100% used [0x0000000799680000,0x0000000799b80000,0x0000000799b80000)
  to   space 5120K, 0% used [0x000000079d800000,0x000000079d800000,0x000000079dd00000)
 ParOldGen       total 135168K, used 124227K [0x0000000740000000, 0x0000000748400000, 0x0000000795580000)
  object space 135168K, 91% used [0x0000000740000000,0x0000000747950c00,0x0000000748400000)
 Metaspace       used 2708K, capacity 4486K, committed 4864K, reserved 1056768K
  class space    used 288K, capacity 386K, committed 512K, reserved 1048576K
Event: 0.725 GC heap after
Heap after GC invocations=5 (full 2):
 PSYoungGen      total 71680K, used 0K [0x0000000795580000, 0x000000079dd00000, 0x00000007c0000000)
  eden space 66560K, 0% used [0x0000000795580000,0x0000000795580000,0x0000000799680000)
  from space 5120K, 0% used [0x0000000799680000,0x0000000799680000,0x0000000799b80000)
  to   space 5120K, 0% used [0x000000079d800000,0x000000079d800000,0x000000079dd00000)
 ParOldGen       total 238080K, used 129339K [0x0000000740000000, 0x000000074e880000, 0x0000000795580000)
  object space 238080K, 54% used [0x0000000740000000,0x0000000747e4eed0,0x000000074e880000)
 Metaspace       used 2708K, capacity 4486K, committed 4864K, reserved 1056768K
  class space    used 288K, capacity 386K, committed 512K, reserved 1048576K
}
Event: 0.740 GC heap before
{Heap before GC invocations=6 (full 2):
 PSYoungGen      total 71680K, used 66555K [0x0000000795580000, 0x000000079dd00000, 0x00000007c0000000)
  eden space 66560K, 99% used [0x0000000795580000,0x000000079967ed40,0x0000000799680000)
  from space 5120K, 0% used [0x0000000799680000,0x0000000799680000,0x0000000799b80000)
  to   space 5120K, 0% used [0x000000079d800000,0x000000079d800000,0x000000079dd00000)
 ParOldGen       total 238080K, used 129339K [0x0000000740000000, 0x000000074e880000, 0x0000000795580000)
  object space 238080K, 54% used [0x0000000740000000,0x0000000747e4eed0,0x000000074e880000)
 Metaspace       used 2708K, capacity 4486K, committed 4864K, reserved 1056768K
  class space    used 288K, capacity 386K, committed 512K, reserved 1048576K
Event: 0.803 GC heap after
Heap after GC invocations=6 (full 2):
 PSYoungGen      total 121856K, used 5120K [0x0000000795580000, 0x000000079dd00000, 0x00000007c0000000)
  eden space 116736K, 0% used [0x0000000795580000,0x0000000795580000,0x000000079c780000)
  from space 5120K, 100% used [0x000000079d800000,0x000000079dd00000,0x000000079dd00000)
  to   space 5120K, 0% used [0x000000079d300000,0x000000079d300000,0x000000079d800000)
 ParOldGen       total 238080K, used 190578K [0x0000000740000000, 0x000000074e880000, 0x0000000795580000)
  object space 238080K, 80% used [0x0000000740000000,0x000000074ba1c958,0x000000074e880000)
 Metaspace       used 2708K, capacity 4486K, committed 4864K, reserved 1056768K
  class space    used 288K, capacity 386K, committed 512K, reserved 1048576K
}
Event: 0.803 GC heap before
{Heap before GC invocations=7 (full 3):
 PSYoungGen      total 121856K, used 5120K [0x0000000795580000, 0x000000079dd00000, 0x00000007c0000000)
  eden space 116736K, 0% used [0x0000000795580000,0x0000000795580000,0x000000079c780000)
  from space 5120K, 100% used [0x000000079d800000,0x000000079dd00000,0x000000079dd00000)
  to   space 5120K, 0% used [0x000000079d300000,0x000000079d300000,0x000000079d800000)
 ParOldGen       total 238080K, used 190578K [0x0000000740000000, 0x000000074e880000, 0x0000000795580000)
  object space 238080K, 80% used [0x0000000740000000,0x000000074ba1c958,0x000000074e880000)
 Metaspace       used 2708K, capacity 4486K, committed 4864K, reserved 1056768K
  class space    used 288K, capacity 386K, committed 512K, reserved 1048576K
Event: 0.826 GC heap after
Heap after GC invocations=7 (full 3):
 PSYoungGen      total 121856K, used 0K [0x0000000795580000, 0x000000079dd00000, 0x00000007c0000000)
  eden space 116736K, 0% used [0x0000000795580000,0x0000000795580000,0x000000079c780000)
  from space 5120K, 0% used [0x000000079d800000,0x000000079d800000,0x000000079dd00000)
  to   space 5120K, 0% used [0x000000079d300000,0x000000079d300000,0x000000079d800000)
 ParOldGen       total 324096K, used 195698K [0x0000000740000000, 0x0000000753c80000, 0x0000000795580000)
  object space 324096K, 60% used [0x0000000740000000,0x000000074bf1c958,0x0000000753c80000)
 Metaspace       used 2708K, capacity 4486K, committed 4864K, reserved 1056768K
  class space    used 288K, capacity 386K, committed 512K, reserved 1048576K
}

Deoptimization events (0 events):
No events

Classes redefined (0 events):
No events

Internal exceptions (4 events):
Event: 0.046 Thread 0x00007fef6b008000 Exception <a 'java/lang/NoSuchMethodError': Method sun.misc.Unsafe.defineClass(Ljava/lang/String;[BII)Ljava/lang/Class; name or signature does not match> (0x0000000795587cb0) thrown at [/Users/java_re/workspace/8-2-build-macosx-x86_64/jdk8u171/10807/hotsp
Event: 0.046 Thread 0x00007fef6b008000 Exception <a 'java/lang/NoSuchMethodError': Method sun.misc.Unsafe.prefetchRead(Ljava/lang/Object;J)V name or signature does not match> (0x0000000795587f98) thrown at [/Users/java_re/workspace/8-2-build-macosx-x86_64/jdk8u171/10807/hotspot/src/share/vm/pr
Event: 0.829 Thread 0x00007fef6b008000 StackOverflowError at 0x0000000115df9560
Event: 10.297 Thread 0x00007fef6b008000 Exception <a 'java/lang/StackOverflowError'> (0x000000079669e170) thrown at [/Users/java_re/workspace/8-2-build-macosx-x86_64/jdk8u171/10807/hotspot/src/share/vm/runtime/sharedRuntime.cpp, line 605]

Events (10 events):
Event: 10.342 Thread 0x00007fef6b008000 DEOPT PACKING pc=0x0000000115df98c8 sp=0x00007000026a1a30
Event: 10.342 Thread 0x00007fef6b008000 DEOPT UNPACKING pc=0x0000000115d26784 sp=0x00007000026a1700 mode 1
Event: 10.342 Thread 0x00007fef6b008000 DEOPT PACKING pc=0x0000000115df98c8 sp=0x00007000026a1aa0
Event: 10.342 Thread 0x00007fef6b008000 DEOPT UNPACKING pc=0x0000000115d26784 sp=0x00007000026a1770 mode 1
Event: 10.342 Thread 0x00007fef6b008000 DEOPT PACKING pc=0x0000000115df98c8 sp=0x00007000026a1b10
Event: 10.342 Thread 0x00007fef6b008000 DEOPT UNPACKING pc=0x0000000115d26784 sp=0x00007000026a17e0 mode 1
Event: 10.342 Thread 0x00007fef6b008000 DEOPT PACKING pc=0x0000000115df98c8 sp=0x00007000026a1b80
Event: 10.342 Thread 0x00007fef6b008000 DEOPT UNPACKING pc=0x0000000115d26784 sp=0x00007000026a1850 mode 1
Event: 10.342 Thread 0x00007fef6b008000 DEOPT PACKING pc=0x0000000115df98c8 sp=0x00007000026a1bf0
Event: 10.342 Thread 0x00007fef6b008000 DEOPT UNPACKING pc=0x0000000115d26784 sp=0x00007000026a18c0 mode 1


Dynamic libraries:
0x000000000bd0a000 	/System/Library/Frameworks/Cocoa.framework/Versions/A/Cocoa
0x000000000bd0a000 	/System/Library/Frameworks/Security.framework/Versions/A/Security
0x000000000bd0a000 	/System/Library/Frameworks/ApplicationServices.framework/Versions/A/ApplicationServices
0x000000000bd0a000 	/usr/lib/libz.1.dylib
0x000000000bd0a000 	/usr/lib/libSystem.B.dylib
0x000000000bd0a000 	/usr/lib/libobjc.A.dylib
0x000000000bd0a000 	/System/Library/Frameworks/CoreFoundation.framework/Versions/A/CoreFoundation
0x000000000bd0a000 	/System/Library/Frameworks/Foundation.framework/Versions/C/Foundation
0x000000000bd0a000 	/System/Library/Frameworks/AppKit.framework/Versions/C/AppKit
0x000000000bd0a000 	/System/Library/Frameworks/CoreData.framework/Versions/A/CoreData
0x000000000bd0a000 	/System/Library/PrivateFrameworks/RemoteViewServices.framework/Versions/A/RemoteViewServices
0x000000000bd0a000 	/System/Library/PrivateFrameworks/UIFoundation.framework/Versions/A/UIFoundation
0x000000000bd0a000 	/System/Library/PrivateFrameworks/XCTTargetBootstrap.framework/Versions/A/XCTTargetBootstrap
0x000000000bd0a000 	/System/Library/PrivateFrameworks/IconServices.framework/Versions/A/IconServices
0x000000000bd0a000 	/System/Library/Frameworks/Metal.framework/Versions/A/Metal
0x000000000bd0a000 	/System/Library/PrivateFrameworks/DesktopServicesPriv.framework/Versions/A/DesktopServicesPriv
0x000000000bd0a000 	/usr/lib/libenergytrace.dylib
0x000000000bd0a000 	/System/Library/PrivateFrameworks/SkyLight.framework/Versions/A/SkyLight
0x000000000bd0a000 	/System/Library/Frameworks/CoreGraphics.framework/Versions/A/CoreGraphics
0x000000000bd0a000 	/System/Library/Frameworks/Accelerate.framework/Versions/A/Accelerate
0x000000000bd0a000 	/System/Library/Frameworks/IOSurface.framework/Versions/A/IOSurface
0x000000000bd0a000 	/System/Library/PrivateFrameworks/DFRFoundation.framework/Versions/A/DFRFoundation
0x000000000bd0a000 	/System/Library/Frameworks/AudioToolbox.framework/Versions/A/AudioToolbox
0x000000000bd0a000 	/System/Library/Frameworks/AudioUnit.framework/Versions/A/AudioUnit
0x000000000bd0a000 	/System/Library/PrivateFrameworks/DataDetectorsCore.framework/Versions/A/DataDetectorsCore
0x000000000bd0a000 	/System/Library/Frameworks/Carbon.framework/Versions/A/Frameworks/HIToolbox.framework/Versions/A/HIToolbox
0x000000000bd0a000 	/usr/lib/libicucore.A.dylib
0x000000000bd0a000 	/System/Library/Frameworks/QuartzCore.framework/Versions/A/QuartzCore
0x000000000bd0a000 	/System/Library/Frameworks/Carbon.framework/Versions/A/Frameworks/SpeechRecognition.framework/Versions/A/SpeechRecognition
0x000000000bd0a000 	/usr/lib/libauto.dylib
0x000000000bd0a000 	/usr/lib/libxml2.2.dylib
0x000000000bd0a000 	/System/Library/PrivateFrameworks/CoreUI.framework/Versions/A/CoreUI
0x000000000bd0a000 	/System/Library/Frameworks/CoreAudio.framework/Versions/A/CoreAudio
0x000000000bd0a000 	/System/Library/Frameworks/DiskArbitration.framework/Versions/A/DiskArbitration
0x000000000bd0a000 	/usr/lib/liblangid.dylib
0x000000000bd0a000 	/System/Library/PrivateFrameworks/MultitouchSupport.framework/Versions/A/MultitouchSupport
0x000000000bd0a000 	/System/Library/Frameworks/IOKit.framework/Versions/A/IOKit
0x000000000bd0a000 	/usr/lib/libDiagnosticMessagesClient.dylib
0x000000000bd0a000 	/System/Library/Frameworks/CoreServices.framework/Versions/A/CoreServices
0x000000000bd0a000 	/System/Library/PrivateFrameworks/PerformanceAnalysis.framework/Versions/A/PerformanceAnalysis
0x000000000bd0a000 	/System/Library/Frameworks/OpenGL.framework/Versions/A/OpenGL
0x000000000bd0a000 	/System/Library/Frameworks/ColorSync.framework/Versions/A/ColorSync
0x000000000bd0a000 	/System/Library/Frameworks/CoreImage.framework/Versions/A/CoreImage
0x000000000bd0a000 	/System/Library/Frameworks/CoreText.framework/Versions/A/CoreText
0x000000000bd0a000 	/System/Library/Frameworks/ImageIO.framework/Versions/A/ImageIO
0x000000000bd0a000 	/System/Library/PrivateFrameworks/Backup.framework/Versions/A/Backup
0x000000000bd0a000 	/usr/lib/libarchive.2.dylib
0x000000000bd0a000 	/System/Library/Frameworks/CFNetwork.framework/Versions/A/CFNetwork
0x000000000bd0a000 	/System/Library/Frameworks/SystemConfiguration.framework/Versions/A/SystemConfiguration
0x000000000bd0a000 	/usr/lib/libCRFSuite.dylib
0x000000000bd0a000 	/usr/lib/libc++.1.dylib
0x000000000bd0a000 	/usr/lib/libc++abi.dylib
0x000000000bd0a000 	/usr/lib/system/libcache.dylib
0x000000000bd0a000 	/usr/lib/system/libcommonCrypto.dylib
0x000000000bd0a000 	/usr/lib/system/libcompiler_rt.dylib
0x000000000bd0a000 	/usr/lib/system/libcopyfile.dylib
0x000000000bd0a000 	/usr/lib/system/libcorecrypto.dylib
0x000000000bd0a000 	/usr/lib/system/libdispatch.dylib
0x000000000bd0a000 	/usr/lib/system/libdyld.dylib
0x000000000bd0a000 	/usr/lib/system/libkeymgr.dylib
0x000000000bd0a000 	/usr/lib/system/liblaunch.dylib
0x000000000bd0a000 	/usr/lib/system/libmacho.dylib
0x000000000bd0a000 	/usr/lib/system/libquarantine.dylib
0x000000000bd0a000 	/usr/lib/system/libremovefile.dylib
0x000000000bd0a000 	/usr/lib/system/libsystem_asl.dylib
0x000000000bd0a000 	/usr/lib/system/libsystem_blocks.dylib
0x000000000bd0a000 	/usr/lib/system/libsystem_c.dylib
0x000000000bd0a000 	/usr/lib/system/libsystem_configuration.dylib
0x000000000bd0a000 	/usr/lib/system/libsystem_coreservices.dylib
0x000000000bd0a000 	/usr/lib/system/libsystem_darwin.dylib
0x000000000bd0a000 	/usr/lib/system/libsystem_dnssd.dylib
0x000000000bd0a000 	/usr/lib/system/libsystem_info.dylib
0x000000000bd0a000 	/usr/lib/system/libsystem_m.dylib
0x000000000bd0a000 	/usr/lib/system/libsystem_malloc.dylib
0x000000000bd0a000 	/usr/lib/system/libsystem_networkextension.dylib
0x000000000bd0a000 	/usr/lib/system/libsystem_notify.dylib
0x000000000bd0a000 	/usr/lib/system/libsystem_sandbox.dylib
0x000000000bd0a000 	/usr/lib/system/libsystem_secinit.dylib
0x000000000bd0a000 	/usr/lib/system/libsystem_kernel.dylib
0x000000000bd0a000 	/usr/lib/system/libsystem_platform.dylib
0x000000000bd0a000 	/usr/lib/system/libsystem_pthread.dylib
0x000000000bd0a000 	/usr/lib/system/libsystem_symptoms.dylib
0x000000000bd0a000 	/usr/lib/system/libsystem_trace.dylib
0x000000000bd0a000 	/usr/lib/system/libunwind.dylib
0x000000000bd0a000 	/usr/lib/system/libxpc.dylib
0x000000000bd0a000 	/usr/lib/libbsm.0.dylib
0x000000000bd0a000 	/usr/lib/system/libkxld.dylib
0x000000000bd0a000 	/System/Library/PrivateFrameworks/AppleFSCompression.framework/Versions/A/AppleFSCompression
0x000000000bd0a000 	/usr/lib/libOpenScriptingUtil.dylib
0x000000000bd0a000 	/usr/lib/libcoretls.dylib
0x000000000bd0a000 	/usr/lib/libcoretls_cfhelpers.dylib
0x000000000bd0a000 	/usr/lib/libpam.2.dylib
0x000000000bd0a000 	/usr/lib/libsqlite3.dylib
0x000000000bd0a000 	/usr/lib/libxar.1.dylib
0x000000000bd0a000 	/usr/lib/libbz2.1.0.dylib
0x000000000bd0a000 	/usr/lib/liblzma.5.dylib
0x000000000bd0a000 	/usr/lib/libnetwork.dylib
0x000000000bd0a000 	/usr/lib/libapple_nghttp2.dylib
0x000000000bd0a000 	/usr/lib/libpcap.A.dylib
0x000000000bd0a000 	/System/Library/Frameworks/CoreServices.framework/Versions/A/Frameworks/FSEvents.framework/Versions/A/FSEvents
0x000000000bd0a000 	/System/Library/Frameworks/CoreServices.framework/Versions/A/Frameworks/CarbonCore.framework/Versions/A/CarbonCore
0x000000000bd0a000 	/System/Library/Frameworks/CoreServices.framework/Versions/A/Frameworks/Metadata.framework/Versions/A/Metadata
0x000000000bd0a000 	/System/Library/Frameworks/CoreServices.framework/Versions/A/Frameworks/OSServices.framework/Versions/A/OSServices
0x000000000bd0a000 	/System/Library/Frameworks/CoreServices.framework/Versions/A/Frameworks/SearchKit.framework/Versions/A/SearchKit
0x000000000bd0a000 	/System/Library/Frameworks/CoreServices.framework/Versions/A/Frameworks/AE.framework/Versions/A/AE
0x000000000bd0a000 	/System/Library/Frameworks/CoreServices.framework/Versions/A/Frameworks/LaunchServices.framework/Versions/A/LaunchServices
0x000000000bd0a000 	/System/Library/Frameworks/CoreServices.framework/Versions/A/Frameworks/DictionaryServices.framework/Versions/A/DictionaryServices
0x000000000bd0a000 	/System/Library/Frameworks/CoreServices.framework/Versions/A/Frameworks/SharedFileList.framework/Versions/A/SharedFileList
0x000000000bd0a000 	/System/Library/Frameworks/NetFS.framework/Versions/A/NetFS
0x000000000bd0a000 	/System/Library/PrivateFrameworks/NetAuth.framework/Versions/A/NetAuth
0x000000000bd0a000 	/System/Library/PrivateFrameworks/login.framework/Versions/A/Frameworks/loginsupport.framework/Versions/A/loginsupport
0x000000000bd0a000 	/System/Library/PrivateFrameworks/TCC.framework/Versions/A/TCC
0x000000000bd0a000 	/System/Library/PrivateFrameworks/CoreNLP.framework/Versions/A/CoreNLP
0x000000000bd0a000 	/System/Library/PrivateFrameworks/MetadataUtilities.framework/Versions/A/MetadataUtilities
0x000000000bd0a000 	/usr/lib/libmecabra.dylib
0x000000000bd0a000 	/System/Library/Frameworks/ApplicationServices.framework/Versions/A/Frameworks/ATS.framework/Versions/A/ATS
0x000000000bd0a000 	/System/Library/Frameworks/ApplicationServices.framework/Versions/A/Frameworks/ColorSyncLegacy.framework/Versions/A/ColorSyncLegacy
0x000000000bd0a000 	/System/Library/Frameworks/ApplicationServices.framework/Versions/A/Frameworks/HIServices.framework/Versions/A/HIServices
0x000000000bd0a000 	/System/Library/Frameworks/ApplicationServices.framework/Versions/A/Frameworks/LangAnalysis.framework/Versions/A/LangAnalysis
0x000000000bd0a000 	/System/Library/Frameworks/ApplicationServices.framework/Versions/A/Frameworks/PrintCore.framework/Versions/A/PrintCore
0x000000000bd0a000 	/System/Library/Frameworks/ApplicationServices.framework/Versions/A/Frameworks/QD.framework/Versions/A/QD
0x000000000bd0a000 	/System/Library/Frameworks/ApplicationServices.framework/Versions/A/Frameworks/SpeechSynthesis.framework/Versions/A/SpeechSynthesis
0x000000000bd0a000 	/usr/lib/libcompression.dylib
0x000000000bd0a000 	/System/Library/Frameworks/CoreDisplay.framework/Versions/A/CoreDisplay
0x000000000bd0a000 	/System/Library/Frameworks/MetalPerformanceShaders.framework/Versions/A/MetalPerformanceShaders
0x000000000bd0a000 	/System/Library/Frameworks/Accelerate.framework/Versions/A/Frameworks/vImage.framework/Versions/A/vImage
0x000000000bd0a000 	/System/Library/Frameworks/Accelerate.framework/Versions/A/Frameworks/vecLib.framework/Versions/A/vecLib
0x000000000bd0a000 	/System/Library/Frameworks/Accelerate.framework/Versions/A/Frameworks/vecLib.framework/Versions/A/libvMisc.dylib
0x000000000bd0a000 	/System/Library/Frameworks/Accelerate.framework/Versions/A/Frameworks/vecLib.framework/Versions/A/libvDSP.dylib
0x000000000bd0a000 	/System/Library/Frameworks/Accelerate.framework/Versions/A/Frameworks/vecLib.framework/Versions/A/libBLAS.dylib
0x000000000bd0a000 	/System/Library/Frameworks/Accelerate.framework/Versions/A/Frameworks/vecLib.framework/Versions/A/libLAPACK.dylib
0x000000000bd0a000 	/System/Library/Frameworks/Accelerate.framework/Versions/A/Frameworks/vecLib.framework/Versions/A/libLinearAlgebra.dylib
0x000000000bd0a000 	/System/Library/Frameworks/Accelerate.framework/Versions/A/Frameworks/vecLib.framework/Versions/A/libSparseBLAS.dylib
0x000000000bd0a000 	/System/Library/Frameworks/Accelerate.framework/Versions/A/Frameworks/vecLib.framework/Versions/A/libQuadrature.dylib
0x000000000bd0a000 	/System/Library/Frameworks/Accelerate.framework/Versions/A/Frameworks/vecLib.framework/Versions/A/libBNNS.dylib
0x000000000bd0a000 	/System/Library/Frameworks/Accelerate.framework/Versions/A/Frameworks/vecLib.framework/Versions/A/libSparse.dylib
0x000000000bd0a000 	/System/Library/PrivateFrameworks/GPUWrangler.framework/Versions/A/GPUWrangler
0x000000000bd0a000 	/System/Library/PrivateFrameworks/IOAccelerator.framework/Versions/A/IOAccelerator
0x000000000bd0a000 	/System/Library/PrivateFrameworks/IOPresentment.framework/Versions/A/IOPresentment
0x000000000bd0a000 	/System/Library/PrivateFrameworks/DSExternalDisplay.framework/Versions/A/DSExternalDisplay
0x000000000bd0a000 	/System/Library/Frameworks/OpenGL.framework/Versions/A/Libraries/libCoreFSCache.dylib
0x000000000bd0a000 	/System/Library/Frameworks/MetalPerformanceShaders.framework/Frameworks/MPSCore.framework/Versions/A/MPSCore
0x000000000bd0a000 	/System/Library/Frameworks/MetalPerformanceShaders.framework/Frameworks/MPSImage.framework/Versions/A/MPSImage
0x000000000bd0a000 	/System/Library/Frameworks/MetalPerformanceShaders.framework/Frameworks/MPSNeuralNetwork.framework/Versions/A/MPSNeuralNetwork
0x000000000bd0a000 	/System/Library/Frameworks/MetalPerformanceShaders.framework/Frameworks/MPSMatrix.framework/Versions/A/MPSMatrix
0x000000000bd0a000 	/System/Library/Frameworks/MetalPerformanceShaders.framework/Frameworks/MPSRayIntersector.framework/Versions/A/MPSRayIntersector
0x000000000bd0a000 	/System/Library/PrivateFrameworks/MetalTools.framework/Versions/A/MetalTools
0x000000000bd0a000 	/System/Library/PrivateFrameworks/AggregateDictionary.framework/Versions/A/AggregateDictionary
0x000000000bd0a000 	/usr/lib/libMobileGestalt.dylib
0x000000000bd0a000 	/System/Library/Frameworks/CoreVideo.framework/Versions/A/CoreVideo
0x000000000bd0a000 	/System/Library/PrivateFrameworks/GraphVisualizer.framework/Versions/A/GraphVisualizer
0x000000000bd0a000 	/System/Library/PrivateFrameworks/FaceCore.framework/Versions/A/FaceCore
0x000000000bd0a000 	/System/Library/Frameworks/OpenCL.framework/Versions/A/OpenCL
0x000000000bd0a000 	/usr/lib/libFosl_dynamic.dylib
0x000000000bd0a000 	/System/Library/PrivateFrameworks/OTSVG.framework/Versions/A/OTSVG
0x000000000bd0a000 	/System/Library/Frameworks/ApplicationServices.framework/Versions/A/Frameworks/ATS.framework/Versions/A/Resources/libFontParser.dylib
0x000000000bd0a000 	/System/Library/Frameworks/ApplicationServices.framework/Versions/A/Frameworks/ATS.framework/Versions/A/Resources/libFontRegistry.dylib
0x000000000bd0a000 	/System/Library/Frameworks/ImageIO.framework/Versions/A/Resources/libJPEG.dylib
0x000000000bd0a000 	/System/Library/Frameworks/ImageIO.framework/Versions/A/Resources/libTIFF.dylib
0x000000000bd0a000 	/System/Library/Frameworks/ImageIO.framework/Versions/A/Resources/libPng.dylib
0x000000000bd0a000 	/System/Library/Frameworks/ImageIO.framework/Versions/A/Resources/libGIF.dylib
0x000000000bd0a000 	/System/Library/Frameworks/ImageIO.framework/Versions/A/Resources/libJP2.dylib
0x000000000bd0a000 	/System/Library/Frameworks/ImageIO.framework/Versions/A/Resources/libRadiance.dylib
0x000000000bd0a000 	/System/Library/PrivateFrameworks/AppleJPEG.framework/Versions/A/AppleJPEG
0x000000000bd0a000 	/System/Library/Frameworks/OpenGL.framework/Versions/A/Libraries/libGFXShared.dylib
0x000000000bd0a000 	/System/Library/Frameworks/OpenGL.framework/Versions/A/Libraries/libGLU.dylib
0x000000000bd0a000 	/System/Library/Frameworks/OpenGL.framework/Versions/A/Libraries/libGL.dylib
0x000000000bd0a000 	/System/Library/Frameworks/OpenGL.framework/Versions/A/Libraries/libGLImage.dylib
0x000000000bd0a000 	/System/Library/Frameworks/OpenGL.framework/Versions/A/Libraries/libCVMSPluginSupport.dylib
0x000000000bd0a000 	/System/Library/Frameworks/OpenGL.framework/Versions/A/Libraries/libCoreVMClient.dylib
0x000000000bd0a000 	/usr/lib/libcups.2.dylib
0x000000000bd0a000 	/System/Library/Frameworks/Kerberos.framework/Versions/A/Kerberos
0x000000000bd0a000 	/System/Library/Frameworks/GSS.framework/Versions/A/GSS
0x000000000bd0a000 	/usr/lib/libresolv.9.dylib
0x000000000bd0a000 	/usr/lib/libiconv.2.dylib
0x000000000bd0a000 	/System/Library/PrivateFrameworks/Heimdal.framework/Versions/A/Heimdal
0x000000000bd0a000 	/usr/lib/libheimdal-asn1.dylib
0x000000000bd0a000 	/System/Library/Frameworks/OpenDirectory.framework/Versions/A/OpenDirectory
0x000000000bd0a000 	/System/Library/PrivateFrameworks/CommonAuth.framework/Versions/A/CommonAuth
0x000000000bd0a000 	/System/Library/Frameworks/OpenDirectory.framework/Versions/A/Frameworks/CFOpenDirectory.framework/Versions/A/CFOpenDirectory
0x000000000bd0a000 	/System/Library/Frameworks/SecurityFoundation.framework/Versions/A/SecurityFoundation
0x000000000bd0a000 	/System/Library/PrivateFrameworks/APFS.framework/Versions/A/APFS
0x000000000bd0a000 	/usr/lib/libutil.dylib
0x000000000bd0a000 	/usr/lib/libcharset.1.dylib
0x000000000bd0a000 	/System/Library/PrivateFrameworks/AppleSauce.framework/Versions/A/AppleSauce
0x000000000bd0a000 	/System/Library/PrivateFrameworks/AssertionServices.framework/Versions/A/AssertionServices
0x000000000bd0a000 	/System/Library/PrivateFrameworks/BaseBoard.framework/Versions/A/BaseBoard
0x000000000bd0a000 	/usr/lib/libmecab.1.0.0.dylib
0x000000000bd0a000 	/usr/lib/libgermantok.dylib
0x000000000bd0a000 	/usr/lib/libThaiTokenizer.dylib
0x000000000bd0a000 	/usr/lib/libChineseTokenizer.dylib
0x000000000bd0a000 	/System/Library/PrivateFrameworks/LanguageModeling.framework/Versions/A/LanguageModeling
0x000000000bd0a000 	/System/Library/PrivateFrameworks/CoreEmoji.framework/Versions/A/CoreEmoji
0x000000000bd0a000 	/System/Library/PrivateFrameworks/Lexicon.framework/Versions/A/Lexicon
0x000000000bd0a000 	/System/Library/PrivateFrameworks/LinguisticData.framework/Versions/A/LinguisticData
0x000000000bd0a000 	/usr/lib/libcmph.dylib
0x000000000bd0a000 	/System/Library/Frameworks/ServiceManagement.framework/Versions/A/ServiceManagement
0x000000000bd0a000 	/System/Library/PrivateFrameworks/BackgroundTaskManagement.framework/Versions/A/BackgroundTaskManagement
0x000000000bd0a000 	/usr/lib/libxslt.1.dylib
0x000000000bd0a000 	/System/Library/Frameworks/Carbon.framework/Versions/A/Frameworks/Ink.framework/Versions/A/Ink
0x000000000bd0a000 	/System/Library/PrivateFrameworks/TextureIO.framework/Versions/A/TextureIO
0x000000000bd0a000 	/usr/lib/libate.dylib
0x000000000bd0a000 	/System/Library/PrivateFrameworks/CrashReporterSupport.framework/Versions/A/CrashReporterSupport
0x000000000bd0a000 	/System/Library/PrivateFrameworks/Sharing.framework/Versions/A/Sharing
0x000000000bd0a000 	/System/Library/PrivateFrameworks/AuthKit.framework/Versions/A/AuthKit
0x000000000bd0a000 	/System/Library/PrivateFrameworks/Apple80211.framework/Versions/A/Apple80211
0x000000000bd0a000 	/System/Library/PrivateFrameworks/CoreUtils.framework/Versions/A/CoreUtils
0x000000000bd0a000 	/System/Library/Frameworks/CoreWLAN.framework/Versions/A/CoreWLAN
0x000000000bd0a000 	/System/Library/Frameworks/IOBluetooth.framework/Versions/A/IOBluetooth
0x000000000bd0a000 	/System/Library/PrivateFrameworks/ProtocolBuffer.framework/Versions/A/ProtocolBuffer
0x000000000bd0a000 	/System/Library/PrivateFrameworks/MobileKeyBag.framework/Versions/A/MobileKeyBag
0x000000000bd0a000 	/System/Library/PrivateFrameworks/CorePhoneNumbers.framework/Versions/A/CorePhoneNumbers
0x000000000bd0a000 	/System/Library/PrivateFrameworks/AppleIDAuthSupport.framework/Versions/A/AppleIDAuthSupport
0x000000000bd0a000 	/System/Library/PrivateFrameworks/KeychainCircle.framework/Versions/A/KeychainCircle
0x000000000bd0a000 	/System/Library/PrivateFrameworks/ROCKit.framework/Versions/A/ROCKit
0x000000000bd0a000 	/System/Library/PrivateFrameworks/CoreWiFi.framework/Versions/A/CoreWiFi
0x000000000bd0a000 	/System/Library/Frameworks/CoreBluetooth.framework/Versions/A/CoreBluetooth
0x000000000bd0a000 	/System/Library/PrivateFrameworks/DebugSymbols.framework/Versions/A/DebugSymbols
0x000000000bd0a000 	/System/Library/PrivateFrameworks/CoreSymbolication.framework/Versions/A/CoreSymbolication
0x000000000bd0a000 	/System/Library/PrivateFrameworks/Symbolication.framework/Versions/A/Symbolication
0x000000000bd0a000 	/System/Library/PrivateFrameworks/SpeechRecognitionCore.framework/Versions/A/SpeechRecognitionCore
0x00000001077e8000 	/Library/Java/JavaVirtualMachines/jdk1.8.0_171.jdk/Contents/Home/jre/lib/server/libjvm.dylib
0x000000000bd0a000 	/usr/lib/libstdc++.6.dylib
0x0000000108796000 	/Library/Java/JavaVirtualMachines/jdk1.8.0_171.jdk/Contents/Home/jre/lib/libverify.dylib
0x00000001087a4000 	/Library/Java/JavaVirtualMachines/jdk1.8.0_171.jdk/Contents/Home/jre/lib/libjava.dylib
0x0000000109000000 	/Library/Java/JavaVirtualMachines/jdk1.8.0_171.jdk/Contents/Home/jre/lib/libjdwp.dylib
0x00000001087db000 	/Library/Java/JavaVirtualMachines/jdk1.8.0_171.jdk/Contents/Home/jre/lib/libnpt.dylib
0x00000001087e8000 	/Library/Java/JavaVirtualMachines/jdk1.8.0_171.jdk/Contents/Home/jre/lib/libzip.dylib
0x000000010f9ef000 	/Library/Java/JavaVirtualMachines/jdk1.8.0_171.jdk/Contents/Home/jre/lib/libdt_socket.dylib

VM Arguments:
jvm_args: -agentlib:jdwp=transport=dt_socket,suspend=y,address=localhost:50929 -Dfile.encoding=UTF-8 
java_command: Recursion.Print_subset_of_an_Array
java_class_path (initial): /Library/Java/JavaVirtualMachines/jdk1.8.0_171.jdk/Contents/Home/jre/lib/resources.jar:/Library/Java/JavaVirtualMachines/jdk1.8.0_171.jdk/Contents/Home/jre/lib/rt.jar:/Library/Java/JavaVirtualMachines/jdk1.8.0_171.jdk/Contents/Home/jre/lib/jsse.jar:/Library/Java/JavaVirtualMachines/jdk1.8.0_171.jdk/Contents/Home/jre/lib/jce.jar:/Library/Java/JavaVirtualMachines/jdk1.8.0_171.jdk/Contents/Home/jre/lib/charsets.jar:/Library/Java/JavaVirtualMachines/jdk1.8.0_171.jdk/Contents/Home/jre/lib/jfr.jar:/Library/Java/JavaVirtualMachines/jdk1.8.0_171.jdk/Contents/Home/jre/lib/ext/sunec.jar:/Library/Java/JavaVirtualMachines/jdk1.8.0_171.jdk/Contents/Home/jre/lib/ext/nashorn.jar:/Library/Java/JavaVirtualMachines/jdk1.8.0_171.jdk/Contents/Home/jre/lib/ext/cldrdata.jar:/Library/Java/JavaVirtualMachines/jdk1.8.0_171.jdk/Contents/Home/jre/lib/ext/jfxrt.jar:/Library/Java/JavaVirtualMachines/jdk1.8.0_171.jdk/Contents/Home/jre/lib/ext/dnsns.jar:/Library/Java/JavaVirtualMachines/jdk1.8.0_171.jdk/Contents/Home/jre/lib/ext/localedata.jar:/Library/Java/JavaVirtualMachines/jdk1.8.0_171.jdk/Contents/Home/jre/lib/ext/sunjce_provider.jar:/Library/Java/JavaVirtualMachines/jdk1.8.0_171.jdk/Contents/Home/jre/lib/ext/sunpkcs11.jar:/Library/Java/JavaVirtualMachines/jdk1.8.0_171.jdk/Contents/Home/jre/lib/ext/jaccess.jar:/Library/Java/JavaVirtualMachines/jdk1.8.0_171.jdk/Contents/Home/jre/lib/ext/zipfs.jar:/System/Library/Java/Extensions/MRJToolkit.jar:/Users/lokesh/Desktop/MYGITREPOS/CODEZEN_PRACTICE_2019/bin
Launcher Type: SUN_STANDARD

Environment Variables:
PATH=/usr/bin:/bin:/usr/sbin:/sbin
SHELL=/bin/bash

Signal Handlers:
SIGSEGV: [libjvm.dylib+0x5b512d], sa_mask[0]=11111111011111110111111111111111, sa_flags=SA_ONSTACK|SA_RESTART|SA_SIGINFO
SIGBUS: [libjvm.dylib+0x5b512d], sa_mask[0]=11111111011111110111111111111111, sa_flags=SA_RESTART|SA_SIGINFO
SIGFPE: [libjvm.dylib+0x48aa90], sa_mask[0]=11111111011111110111111111111111, sa_flags=SA_RESTART|SA_SIGINFO
SIGPIPE: [libjvm.dylib+0x48aa90], sa_mask[0]=11111111011111110111111111111111, sa_flags=SA_RESTART|SA_SIGINFO
SIGXFSZ: [libjvm.dylib+0x48aa90], sa_mask[0]=11111111011111110111111111111111, sa_flags=SA_RESTART|SA_SIGINFO
SIGILL: [libjvm.dylib+0x48aa90], sa_mask[0]=11111111011111110111111111111111, sa_flags=SA_RESTART|SA_SIGINFO
SIGUSR1: SIG_DFL, sa_mask[0]=00000000000000000000000000000000, sa_flags=none
SIGUSR2: [libjvm.dylib+0x48a5ae], sa_mask[0]=00100000000000000000000000000000, sa_flags=SA_RESTART|SA_SIGINFO
SIGHUP: [libjvm.dylib+0x488b79], sa_mask[0]=11111111011111110111111111111111, sa_flags=SA_RESTART|SA_SIGINFO
SIGINT: [libjvm.dylib+0x488b79], sa_mask[0]=11111111011111110111111111111111, sa_flags=SA_RESTART|SA_SIGINFO
SIGTERM: [libjvm.dylib+0x488b79], sa_mask[0]=11111111011111110111111111111111, sa_flags=SA_RESTART|SA_SIGINFO
SIGQUIT: [libjvm.dylib+0x488b79], sa_mask[0]=11111111011111110111111111111111, sa_flags=SA_RESTART|SA_SIGINFO


---------------  S Y S T E M  ---------------

OS:Bsduname:Darwin 18.2.0 Darwin Kernel Version 18.2.0: Thu Dec 20 20:46:53 PST 2018; root:xnu-4903.241.1~1/RELEASE_X86_64 x86_64
rlimit: STACK 8192k, CORE 0k, NPROC 709, NOFILE 10240, AS infinity
load average:2.02 2.08 2.16

CPU:total 4 (initial active 4) (2 cores per cpu, 2 threads per core) family 6 model 61 stepping 4, cmov, cx8, fxsr, mmx, sse, sse2, sse3, ssse3, sse4.1, sse4.2, popcnt, avx, avx2, aes, clmul, erms, rtm, 3dnowpref, lzcnt, ht, tsc, tscinvbit, bmi1, bmi2, adx

Memory: 4k page, physical 8388608k(2662848k free)

/proc/meminfo:


vm_info: Java HotSpot(TM) 64-Bit Server VM (25.171-b11) for bsd-amd64 JRE (1.8.0_171-b11), built on Mar 28 2018 12:50:57 by "java_re" with gcc 4.2.1 (Based on Apple Inc. build 5658) (LLVM build 2336.11.00)

time: Mon Jun 10 22:32:53 2019
elapsed time: 10 seconds (0d 0h 0m 10s)

